# JRE version: OpenJDK Runtime Environment Temurin-17.0.12+7 (17.0.12+7) (build 17.0.12+7)
# Java VM: OpenJDK 64-Bit Server VM Temurin-17.0.12+7 (17.0.12+7, mixed mode, tiered, compressed oops, compressed class ptrs, g1 gc, windows-amd64)
GC Precious Log:
 CPUs: 16 total, 16 available
 Memory: 14181M
 Large Page Support: Disabled
 NUMA Support: Disabled
 Compressed Oops: Enabled (Zero based)
 Heap Region Size: 2M
 Heap Min Capacity: 8M
 Heap Initial Capacity: 222M
 Heap Max Capacity: 3546M
 Pre-touch: Disabled
 Parallel Workers: 13
 Concurrent Workers: 3
 Concurrent Refinement Workers: 13
 Periodic GC: Disabled
Heap:
 garbage-first heap   total 81920K, used 56860K [0x0000000722600000, 0x0000000800000000)
  region size 2048K, 22 young (45056K), 3 survivors (6144K)
 Metaspace       used 65653K, committed 66176K, reserved 1114112K
  class space    used 8919K, committed 9152K, reserved 1048576K
GC Heap History (20 events):
Event: 4.031 GC heap before
{Heap before GC invocations=4 (full 0):
 garbage-first heap   total 40960K, used 27397K [0x0000000722600000, 0x0000000800000000)
  region size 2048K, 12 young (24576K), 2 survivors (4096K)
 Metaspace       used 24542K, committed 24832K, reserved 1114112K
  class space    used 3249K, committed 3392K, reserved 1048576K
}
Event: 4.035 GC heap after
{Heap after GC invocations=5 (full 0):
 garbage-first heap   total 40960K, used 9745K [0x0000000722600000, 0x0000000800000000)
  region size 2048K, 2 young (4096K), 2 survivors (4096K)
 Metaspace       used 24542K, committed 24832K, reserved 1114112K
  class space    used 3249K, committed 3392K, reserved 1048576K
}
Event: 4.670 GC heap before
{Heap before GC invocations=5 (full 0):
 garbage-first heap   total 40960K, used 26129K [0x0000000722600000, 0x0000000800000000)
  region size 2048K, 10 young (20480K), 2 survivors (4096K)
 Metaspace       used 27363K, committed 27712K, reserved 1114112K
  class space    used 3659K, committed 3840K, reserved 1048576K
}
Event: 4.676 GC heap after
{Heap after GC invocations=6 (full 0):
 garbage-first heap   total 40960K, used 10640K [0x0000000722600000, 0x0000000800000000)
  region size 2048K, 2 young (4096K), 2 survivors (4096K)
 Metaspace       used 27363K, committed 27712K, reserved 1114112K
  class space    used 3659K, committed 3840K, reserved 1048576K
}
Event: 5.100 GC heap before
{Heap before GC invocations=6 (full 0):
 garbage-first heap   total 40960K, used 27024K [0x0000000722600000, 0x0000000800000000)
  region size 2048K, 10 young (20480K), 2 survivors (4096K)
 Metaspace       used 30274K, committed 30528K, reserved 1114112K
  class space    used 4051K, committed 4160K, reserved 1048576K
}
Event: 5.104 GC heap after
{Heap after GC invocations=7 (full 0):
 garbage-first heap   total 40960K, used 11398K [0x0000000722600000, 0x0000000800000000)
  region size 2048K, 2 young (4096K), 2 survivors (4096K)
 Metaspace       used 30274K, committed 30528K, reserved 1114112K
  class space    used 4051K, committed 4160K, reserved 1048576K
}
Event: 5.348 GC heap before
{Heap before GC invocations=7 (full 0):
 garbage-first heap   total 40960K, used 25734K [0x0000000722600000, 0x0000000800000000)
  region size 2048K, 10 young (20480K), 2 survivors (4096K)
 Metaspace       used 33895K, committed 34176K, reserved 1114112K
  class space    used 4457K, committed 4608K, reserved 1048576K
}
Event: 5.351 GC heap after
{Heap after GC invocations=8 (full 0):
 garbage-first heap   total 40960K, used 12522K [0x0000000722600000, 0x0000000800000000)
  region size 2048K, 2 young (4096K), 2 survivors (4096K)
 Metaspace       used 33895K, committed 34176K, reserved 1114112K
  class space    used 4457K, committed 4608K, reserved 1048576K
}
Event: 5.524 GC heap before
{Heap before GC invocations=8 (full 0):
 garbage-first heap   total 40960K, used 22762K [0x0000000722600000, 0x0000000800000000)
  region size 2048K, 9 young (18432K), 2 survivors (4096K)
 Metaspace       used 35623K, committed 35968K, reserved 1114112K
  class space    used 4670K, committed 4864K, reserved 1048576K
}
Event: 5.527 GC heap after
{Heap after GC invocations=9 (full 0):
 garbage-first heap   total 40960K, used 13439K [0x0000000722600000, 0x0000000800000000)
  region size 2048K, 2 young (4096K), 2 survivors (4096K)
 Metaspace       used 35623K, committed 35968K, reserved 1114112K
  class space    used 4670K, committed 4864K, reserved 1048576K
}
Event: 6.005 GC heap before
{Heap before GC invocations=10 (full 0):
 garbage-first heap   total 40960K, used 27775K [0x0000000722600000, 0x0000000800000000)
  region size 2048K, 9 young (18432K), 2 survivors (4096K)
 Metaspace       used 37388K, committed 37696K, reserved 1114112K
  class space    used 4925K, committed 5056K, reserved 1048576K
}
Event: 6.010 GC heap after
{Heap after GC invocations=11 (full 0):
 garbage-first heap   total 40960K, used 15291K [0x0000000722600000, 0x0000000800000000)
  region size 2048K, 2 young (4096K), 2 survivors (4096K)
 Metaspace       used 37388K, committed 37696K, reserved 1114112K
  class space    used 4925K, committed 5056K, reserved 1048576K
}
Event: 6.473 GC heap before
{Heap before GC invocations=11 (full 0):
 garbage-first heap   total 40960K, used 29627K [0x0000000722600000, 0x0000000800000000)
  region size 2048K, 9 young (18432K), 2 survivors (4096K)
 Metaspace       used 39542K, committed 39936K, reserved 1114112K
  class space    used 5240K, committed 5440K, reserved 1048576K
}
Event: 6.480 GC heap after
{Heap after GC invocations=12 (full 0):
 garbage-first heap   total 40960K, used 15715K [0x0000000722600000, 0x0000000800000000)
  region size 2048K, 2 young (4096K), 2 survivors (4096K)
 Metaspace       used 39542K, committed 39936K, reserved 1114112K
  class space    used 5240K, committed 5440K, reserved 1048576K
}
Event: 6.966 GC heap before
{Heap before GC invocations=12 (full 0):
 garbage-first heap   total 40960K, used 28003K [0x0000000722600000, 0x0000000800000000)
  region size 2048K, 9 young (18432K), 2 survivors (4096K)
 Metaspace       used 42669K, committed 43072K, reserved 1114112K
  class space    used 5597K, committed 5824K, reserved 1048576K
}
Event: 6.971 GC heap after
{Heap after GC invocations=13 (full 0):
 garbage-first heap   total 135168K, used 16892K [0x0000000722600000, 0x0000000800000000)
  region size 2048K, 2 young (4096K), 2 survivors (4096K)
 Metaspace       used 42669K, committed 43072K, reserved 1114112K
  class space    used 5597K, committed 5824K, reserved 1048576K
}
Event: 9.640 GC heap before
{Heap before GC invocations=13 (full 0):
 garbage-first heap   total 135168K, used 92668K [0x0000000722600000, 0x0000000800000000)
  region size 2048K, 39 young (79872K), 2 survivors (4096K)
 Metaspace       used 58539K, committed 59008K, reserved 1114112K
  class space    used 7839K, committed 8064K, reserved 1048576K
}
Event: 9.648 GC heap after
{Heap after GC invocations=14 (full 0):
 garbage-first heap   total 135168K, used 19929K [0x0000000722600000, 0x0000000800000000)
  region size 2048K, 3 young (6144K), 3 survivors (6144K)
 Metaspace       used 58539K, committed 59008K, reserved 1114112K
  class space    used 7839K, committed 8064K, reserved 1048576K
}
Event: 9.840 GC heap before
{Heap before GC invocations=14 (full 0):
 garbage-first heap   total 135168K, used 26073K [0x0000000722600000, 0x0000000800000000)
  region size 2048K, 7 young (14336K), 3 survivors (6144K)
 Metaspace       used 59724K, committed 60160K, reserved 1114112K
  class space    used 8024K, committed 8192K, reserved 1048576K
}
Event: 9.845 GC heap after
{Heap after GC invocations=15 (full 0):
 garbage-first heap   total 135168K, used 19996K [0x0000000722600000, 0x0000000800000000)
  region size 2048K, 3 young (6144K), 3 survivors (6144K)
 Metaspace       used 59724K, committed 60160K, reserved 1114112K
  class space    used 8024K, committed 8192K, reserved 1048576K
}

